  StdAfx.cpp
C:\Program Files (x86)\Microsoft Visual Studio 14.0\VC\atlmfc\include\afx.h(38): warning C4996: 'MBCS_Support_Deprecated_In_MFC': MBCS support in MFC is deprecated and may be removed in a future version of MFC.
  C:\Program Files (x86)\Microsoft Visual Studio 14.0\VC\atlmfc\include\afx.h(33): note: see declaration of 'MBCS_Support_Deprecated_In_MFC'
  _WIN32_WINNT not defined. Defaulting to _WIN32_WINNT_MAXVER (see WinSDKVer.h)
  TranslateDlg.cpp
  tex_fun.cpp
tex_fun.cpp(39): warning C4244: '=': conversion from 'double' to 'float', possible loss of data
tex_fun.cpp(40): warning C4244: '=': conversion from 'double' to 'float', possible loss of data
tex_fun.cpp(41): warning C4244: '=': conversion from 'double' to 'float', possible loss of data
tex_fun.cpp(63): warning C4244: 'initializing': conversion from 'double' to 'float', possible loss of data
tex_fun.cpp(64): warning C4244: 'initializing': conversion from 'double' to 'float', possible loss of data
tex_fun.cpp(25): warning C4996: 'fopen': This function or variable may be unsafe. Consider using fopen_s instead. To disable deprecation, use _CRT_SECURE_NO_WARNINGS. See online help for details.
  C:\Program Files (x86)\Windows Kits\10\Include\10.0.10240.0\ucrt\stdio.h(205): note: see declaration of 'fopen'
tex_fun.cpp(30): warning C4996: 'fscanf': This function or variable may be unsafe. Consider using fscanf_s instead. To disable deprecation, use _CRT_SECURE_NO_WARNINGS. See online help for details.
  C:\Program Files (x86)\Windows Kits\10\Include\10.0.10240.0\ucrt\stdio.h(1193): note: see declaration of 'fscanf'
tex_fun.cpp(21): warning C4101: 'j': unreferenced local variable
tex_fun.cpp(106): warning C4244: '=': conversion from 'double' to 'float', possible loss of data
tex_fun.cpp(108): warning C4244: '=': conversion from 'double' to 'float', possible loss of data
tex_fun.cpp(110): warning C4244: '=': conversion from 'double' to 'float', possible loss of data
tex_fun.cpp(122): warning C4305: '=': truncation from 'double' to 'float'
tex_fun.cpp(123): warning C4305: '=': truncation from 'double' to 'float'
tex_fun.cpp(140): warning C4838: conversion from 'int' to 'float' requires a narrowing conversion
tex_fun.cpp(140): warning C4244: 'initializing': conversion from 'int' to 'float', possible loss of data
tex_fun.cpp(168): warning C4244: '=': conversion from 'double' to 'float', possible loss of data
tex_fun.cpp(169): warning C4244: '=': conversion from 'double' to 'float', possible loss of data
tex_fun.cpp(170): warning C4244: '=': conversion from 'double' to 'float', possible loss of data
  ScaleDlg.cpp
  RotateDlg.cpp
  rend.cpp
rend.cpp(146): warning C4838: conversion from 'double' to 'float' requires a narrowing conversion
rend.cpp(146): warning C4305: 'initializing': truncation from 'double' to 'float'
rend.cpp(152): warning C4838: conversion from 'double' to 'float' requires a narrowing conversion
rend.cpp(152): warning C4305: 'initializing': truncation from 'double' to 'float'
rend.cpp(158): warning C4838: conversion from 'double' to 'float' requires a narrowing conversion
rend.cpp(158): warning C4305: 'initializing': truncation from 'double' to 'float'
rend.cpp(740): warning C4244: '=': conversion from 'double' to 'float', possible loss of data
rend.cpp(741): warning C4244: '=': conversion from 'double' to 'float', possible loss of data
rend.cpp(742): warning C4244: '=': conversion from 'double' to 'float', possible loss of data
rend.cpp(743): warning C4244: '=': conversion from 'double' to 'float', possible loss of data
rend.cpp(882): warning C4244: '=': conversion from 'double' to 'float', possible loss of data
rend.cpp(883): warning C4244: '=': conversion from 'double' to 'float', possible loss of data
rend.cpp(884): warning C4244: '=': conversion from 'double' to 'float', possible loss of data
rend.cpp(885): warning C4244: '=': conversion from 'double' to 'float', possible loss of data
rend.cpp(954): warning C4244: 'return': conversion from 'double' to 'float', possible loss of data
rend.cpp(1033): warning C4244: '=': conversion from 'double' to 'float', possible loss of data
rend.cpp(1034): warning C4244: '=': conversion from 'double' to 'float', possible loss of data
rend.cpp(1035): warning C4244: '=': conversion from 'double' to 'float', possible loss of data
rend.cpp(1036): warning C4244: '=': conversion from 'double' to 'float', possible loss of data
rend.cpp(1037): warning C4305: '=': truncation from 'INT' to 'float'
rend.cpp(1215): warning C4244: '+=': conversion from 'double' to 'float', possible loss of data
rend.cpp(1216): warning C4244: '+=': conversion from 'double' to 'float', possible loss of data
rend.cpp(1217): warning C4244: '+=': conversion from 'double' to 'float', possible loss of data
rend.cpp(1221): warning C4244: '+=': conversion from 'double' to 'float', possible loss of data
rend.cpp(1222): warning C4244: '+=': conversion from 'double' to 'float', possible loss of data
rend.cpp(1223): warning C4244: '+=': conversion from 'double' to 'float', possible loss of data
rend.cpp(1136): warning C4101: 'fresnel': unreferenced local variable
rend.cpp(1384): warning C4244: '+=': conversion from 'double' to 'float', possible loss of data
rend.cpp(1385): warning C4244: '+=': conversion from 'double' to 'float', possible loss of data
rend.cpp(1386): warning C4244: '+=': conversion from 'double' to 'float', possible loss of data
rend.cpp(1390): warning C4244: '+=': conversion from 'double' to 'float', possible loss of data
rend.cpp(1391): warning C4244: '+=': conversion from 'double' to 'float', possible loss of data
rend.cpp(1392): warning C4244: '+=': conversion from 'double' to 'float', possible loss of data
rend.cpp(1421): warning C4156: deletion of an array expression without using the array form of 'delete'; array form substituted
rend.cpp(1305): warning C4101: 'fresnel': unreferenced local variable
  microfacet_glitter.cpp
microfacet_glitter.cpp(37): warning C4244: 'initializing': conversion from 'float' to 'int', possible loss of data
microfacet_glitter.cpp(59): warning C4244: 'initializing': conversion from 'double' to 'float', possible loss of data
microfacet_glitter.cpp(60): warning C4244: 'initializing': conversion from 'double' to 'float', possible loss of data
microfacet_glitter.cpp(79): warning C4244: '=': conversion from 'float' to 'int', possible loss of data
microfacet_glitter.cpp(80): warning C4244: '=': conversion from 'float' to 'int', possible loss of data
microfacet_glitter.cpp(81): warning C4244: '=': conversion from 'float' to 'int', possible loss of data
microfacet_glitter.cpp(82): warning C4244: '=': conversion from 'float' to 'int', possible loss of data
microfacet_glitter.cpp(88): warning C4305: 'argument': truncation from 'double' to 'float'
microfacet_glitter.cpp(88): warning C4244: 'argument': conversion from 'float' to 'int', possible loss of data
microfacet_glitter.cpp(98): warning C4305: 'initializing': truncation from 'double' to 'float'
microfacet_glitter.cpp(105): warning C4244: 'return': conversion from 'double' to 'float', possible loss of data
microfacet_glitter.cpp(83): warning C4101: 'theta': unreferenced local variable
microfacet_glitter.cpp(83): warning C4101: 'phi': unreferenced local variable
  MainFrm.cpp
  disp.cpp
  CS580HWView.cpp
  CS580HWDoc.cpp
  CS580HW.cpp
CS580HW.cpp(58): warning C4996: 'CWinApp::Enable3dControls': CWinApp::Enable3dControls is no longer needed. You should remove this call.
  C:\Program Files (x86)\Microsoft Visual Studio 14.0\VC\atlmfc\include\afxwin.h(5224): note: see declaration of 'CWinApp::Enable3dControls'
  brdf.cpp
brdf.cpp(28): warning C4244: 'return': conversion from 'double' to 'float', possible loss of data
brdf.cpp(38): warning C4244: 'return': conversion from 'double' to 'float', possible loss of data
brdf.cpp(46): warning C4244: 'initializing': conversion from 'double' to 'float', possible loss of data
brdf.cpp(47): warning C4244: 'initializing': conversion from 'double' to 'float', possible loss of data
brdf.cpp(59): warning C4244: 'initializing': conversion from 'double' to 'float', possible loss of data
brdf.cpp(60): warning C4244: 'initializing': conversion from 'double' to 'float', possible loss of data
brdf.cpp(62): warning C4244: 'return': conversion from 'double' to 'float', possible loss of data
brdf.cpp(70): warning C4244: 'initializing': conversion from 'double' to 'float', possible loss of data
brdf.cpp(71): warning C4244: 'initializing': conversion from 'double' to 'float', possible loss of data
brdf.cpp(72): warning C4244: 'initializing': conversion from 'double' to 'float', possible loss of data
brdf.cpp(73): warning C4244: 'initializing': conversion from 'double' to 'float', possible loss of data
brdf.cpp(84): warning C4244: 'initializing': conversion from 'double' to 'float', possible loss of data
brdf.cpp(85): warning C4244: 'initializing': conversion from 'double' to 'float', possible loss of data
brdf.cpp(87): warning C4244: 'initializing': conversion from 'double' to 'float', possible loss of data
brdf.cpp(91): warning C4244: '=': conversion from 'double' to 'float', possible loss of data
brdf.cpp(95): warning C4244: 'initializing': conversion from 'double' to 'float', possible loss of data
  Application6.cpp
Application6.cpp(106): warning C4838: conversion from 'double' to 'float' requires a narrowing conversion
Application6.cpp(106): warning C4305: 'initializing': truncation from 'double' to 'float'
Application6.cpp(114): warning C4838: conversion from 'double' to 'float' requires a narrowing conversion
Application6.cpp(114): warning C4305: 'initializing': truncation from 'double' to 'float'
Application6.cpp(132): warning C4305: '=': truncation from 'double' to 'float'
Application6.cpp(133): warning C4305: '=': truncation from 'double' to 'float'
Application6.cpp(136): warning C4305: '=': truncation from 'double' to 'float'
Application6.cpp(140): warning C4305: '=': truncation from 'double' to 'float'
Application6.cpp(150): warning C4838: conversion from 'double' to 'float' requires a narrowing conversion
Application6.cpp(150): warning C4305: 'initializing': truncation from 'double' to 'float'
Application6.cpp(151): warning C4838: conversion from 'double' to 'float' requires a narrowing conversion
Application6.cpp(151): warning C4305: 'initializing': truncation from 'double' to 'float'
Application6.cpp(152): warning C4838: conversion from 'double' to 'float' requires a narrowing conversion
Application6.cpp(152): warning C4305: 'initializing': truncation from 'double' to 'float'
Application6.cpp(153): warning C4838: conversion from 'double' to 'float' requires a narrowing conversion
Application6.cpp(153): warning C4305: 'initializing': truncation from 'double' to 'float'
Application6.cpp(157): warning C4838: conversion from 'double' to 'float' requires a narrowing conversion
Application6.cpp(157): warning C4305: 'initializing': truncation from 'double' to 'float'
Application6.cpp(158): warning C4838: conversion from 'double' to 'float' requires a narrowing conversion
Application6.cpp(158): warning C4305: 'initializing': truncation from 'double' to 'float'
Application6.cpp(70): warning C4101: 'shaderType': unreferenced local variable
Application6.cpp(347): warning C4244: '*=': conversion from 'float' to 'GzIntensity', possible loss of data
Application6.cpp(348): warning C4244: '*=': conversion from 'float' to 'GzIntensity', possible loss of data
Application6.cpp(349): warning C4244: '*=': conversion from 'float' to 'GzIntensity', possible loss of data
Application6.cpp(353): warning C4244: '+=': conversion from 'float' to 'GzIntensity', possible loss of data
Application6.cpp(354): warning C4244: '+=': conversion from 'float' to 'GzIntensity', possible loss of data
Application6.cpp(355): warning C4244: '+=': conversion from 'float' to 'GzIntensity', possible loss of data
Application6.cpp(268): warning C4996: 'fopen': This function or variable may be unsafe. Consider using fopen_s instead. To disable deprecation, use _CRT_SECURE_NO_WARNINGS. See online help for details.
  C:\Program Files (x86)\Windows Kits\10\Include\10.0.10240.0\ucrt\stdio.h(205): note: see declaration of 'fopen'
Application6.cpp(277): warning C4996: 'fopen': This function or variable may be unsafe. Consider using fopen_s instead. To disable deprecation, use _CRT_SECURE_NO_WARNINGS. See online help for details.
  C:\Program Files (x86)\Windows Kits\10\Include\10.0.10240.0\ucrt\stdio.h(205): note: see declaration of 'fopen'
Application6.cpp(289): warning C4996: 'fopen': This function or variable may be unsafe. Consider using fopen_s instead. To disable deprecation, use _CRT_SECURE_NO_WARNINGS. See online help for details.
  C:\Program Files (x86)\Windows Kits\10\Include\10.0.10240.0\ucrt\stdio.h(205): note: see declaration of 'fopen'
Application6.cpp(300): warning C4996: 'fscanf': This function or variable may be unsafe. Consider using fscanf_s instead. To disable deprecation, use _CRT_SECURE_NO_WARNINGS. See online help for details.
  C:\Program Files (x86)\Windows Kits\10\Include\10.0.10240.0\ucrt\stdio.h(1193): note: see declaration of 'fscanf'
Application6.cpp(301): warning C4996: 'fscanf': This function or variable may be unsafe. Consider using fscanf_s instead. To disable deprecation, use _CRT_SECURE_NO_WARNINGS. See online help for details.
  C:\Program Files (x86)\Windows Kits\10\Include\10.0.10240.0\ucrt\stdio.h(1193): note: see declaration of 'fscanf'
Application6.cpp(307): warning C4996: 'fscanf': This function or variable may be unsafe. Consider using fscanf_s instead. To disable deprecation, use _CRT_SECURE_NO_WARNINGS. See online help for details.
  C:\Program Files (x86)\Windows Kits\10\Include\10.0.10240.0\ucrt\stdio.h(1193): note: see declaration of 'fscanf'
Application6.cpp(313): warning C4996: 'fscanf': This function or variable may be unsafe. Consider using fscanf_s instead. To disable deprecation, use _CRT_SECURE_NO_WARNINGS. See online help for details.
  C:\Program Files (x86)\Windows Kits\10\Include\10.0.10240.0\ucrt\stdio.h(1193): note: see declaration of 'fscanf'
  Application.cpp
  Generating Code...
  CS580HW6.vcxproj -> C:\Users\ZHOU Xutong\Dropbox\usc\First Semester\CSCI580\Project\workspace\.\Debug\CS580HW6.exe
  CS580HW6.vcxproj -> .\Debug\CS580HW6.pdb (Full PDB)
